This file contains any messages produced by compilers while
running configure, to aid debugging if configure makes a mistake.

configure:558: checking for a BSD compatible install
configure:611: checking whether build environment is sane
configure:668: checking whether make sets ${MAKE}
configure:714: checking for working aclocal
configure:727: checking for working autoconf
configure:740: checking for working automake
configure:753: checking for working autoheader
configure:766: checking for working makeinfo
configure:783: checking for gcc
configure:896: checking whether the C compiler (gcc  ) works
configure:912: gcc -o conftest    conftest.c  1>&5
configure:909:1: warning: return type defaults to 'int' [-Wimplicit-int]
  909 | main(){return(0);}
      | ^~~~
configure:938: checking whether the C compiler (gcc  ) is a cross-compiler
configure:943: checking whether we are using GNU C
configure:971: checking whether gcc accepts -g
configure:1004: checking how to run the C preprocessor
configure:1088: checking for X
configure:1318: checking for main in -lX11
configure:1361: checking for main in -lm
configure:1404: checking for main in -lpthreads
configure:1448: checking for ANSI C header files
configure:1555: checking for unistd.h
